#
# There is insufficient memory for the Java Runtime Environment to continue.
# Native memory allocation (malloc) failed to allocate 273056 bytes for Chunk::new
# Possible reasons:
#   The system is out of physical RAM or swap space
#   The process is running with CompressedOops enabled, and the Java Heap may be blocking the growth of the native heap
# Possible solutions:
#   Reduce memory load on the system
#   Increase physical memory or swap space
#   Check if swap backing store is full
#   Decrease Java heap size (-Xmx/-Xms)
#   Decrease number of Java threads
#   Decrease Java thread stack sizes (-Xss)
#   Set larger code cache with -XX:ReservedCodeCacheSize=
#   JVM is running with Zero Based Compressed Oops mode in which the Java heap is
#     placed in the first 32GB address space. The Java Heap base address is the
#     maximum limit for the native heap growth. Please use -XX:HeapBaseMinAddress
#     to set the Java Heap base and to place the Java Heap above 32GB virtual address.
# This output file may be truncated or incomplete.
#
#  Out of Memory Error (./src/hotspot/share/memory/arena.cpp:197), pid=1624, tid=8596
#
# JRE version: OpenJDK Runtime Environment (11.0.13) (build 11.0.13+0-b1751.21-8125866)
# Java VM: OpenJDK 64-Bit Server VM (11.0.13+0-b1751.21-8125866, mixed mode, tiered, compressed oops, g1 gc, windows-amd64)
# No core dump will be written. Minidumps are not enabled by default on client versions of Windows
#

---------------  S U M M A R Y ------------

Command Line: org.jetbrains.kotlin.cli.jvm.K2JVMCompiler @C:\Users\Rachid Gaim Ahwaz\AndroidStudioProjects\Chess\app\build\20221123_1036191326788712002.compiler.options

Host: AMD Ryzen 7 1700X Eight-Core Processor         , 16 cores, 15G,  Windows 10 , 64 bit Build 19041 (10.0.19041.2251)
Time: Wed Nov 23 04:16:30 2022 W. Europe Standard Time elapsed time: 2.686635 seconds (0d 0h 0m 2s)

---------------  T H R E A D  ---------------

Current thread (0x00000217c3115800):  JavaThread "C2 CompilerThread0" daemon [_thread_in_native, id=8596, stack(0x0000007b7b100000,0x0000007b7b200000)]


Current CompileTask:
C2:   2686 3608       4       org.jetbrains.kotlin.parsing.SemanticWhitespaceAwarePsiBuilderImpl::getTokenType (22 bytes)

Stack: [0x0000007b7b100000,0x0000007b7b200000]
Native frames: (J=compiled Java code, j=interpreted, Vv=VM code, C=native code)
V  [jvm.dll+0x6100fa]
V  [jvm.dll+0x747090]
V  [jvm.dll+0x7486ad]
V  [jvm.dll+0x748d83]
V  [jvm.dll+0x24ab48]
V  [jvm.dll+0xc04dc]
V  [jvm.dll+0xc0a0c]
V  [jvm.dll+0x2bfab4]
V  [jvm.dll+0x524238]
V  [jvm.dll+0x20491a]
V  [jvm.dll+0x2023c2]
V  [jvm.dll+0x188e01]
V  [jvm.dll+0x21106b]
V  [jvm.dll+0x20f8c1]
V  [jvm.dll+0x70de0f]
V  [jvm.dll+0x706a75]
V  [jvm.dll+0x60ed66]
C  [ucrtbase.dll+0x21bb2]
C  [KERNEL32.DLL+0x174b4]
C  [ntdll.dll+0x526a1]


---------------  P R O C E S S  ---------------

Threads class SMR info:
_java_thread_list=0x00000217c8518330, length=18, elements={
0x00000217a0a2e000, 0x00000217c280b000, 0x00000217c280c000, 0x00000217c30c1800,
0x00000217c30c3800, 0x00000217c30c4800, 0x00000217c3115800, 0x00000217c3117000,
0x00000217c3154000, 0x00000217c329c000, 0x00000217c32bf800, 0x00000217c32de800,
0x00000217c32df800, 0x00000217c3894000, 0x00000217c3894800, 0x00000217c6d2b800,
0x00000217c6d2c000, 0x00000217c3287000
}

Java Threads: ( => current thread )
  0x00000217a0a2e000 JavaThread "main" [_thread_in_vm, id=19888, stack(0x0000007b7a500000,0x0000007b7a600000)]
  0x00000217c280b000 JavaThread "Reference Handler" daemon [_thread_blocked, id=4408, stack(0x0000007b7ac00000,0x0000007b7ad00000)]
  0x00000217c280c000 JavaThread "Finalizer" daemon [_thread_blocked, id=11292, stack(0x0000007b7ad00000,0x0000007b7ae00000)]
  0x00000217c30c1800 JavaThread "Signal Dispatcher" daemon [_thread_blocked, id=11240, stack(0x0000007b7ae00000,0x0000007b7af00000)]
  0x00000217c30c3800 JavaThread "Attach Listener" daemon [_thread_blocked, id=15044, stack(0x0000007b7af00000,0x0000007b7b000000)]
  0x00000217c30c4800 JavaThread "Service Thread" daemon [_thread_blocked, id=17396, stack(0x0000007b7b000000,0x0000007b7b100000)]
=>0x00000217c3115800 JavaThread "C2 CompilerThread0" daemon [_thread_in_native, id=8596, stack(0x0000007b7b100000,0x0000007b7b200000)]
  0x00000217c3117000 JavaThread "C1 CompilerThread0" daemon [_thread_blocked, id=6136, stack(0x0000007b7b200000,0x0000007b7b300000)]
  0x00000217c3154000 JavaThread "Sweeper thread" daemon [_thread_blocked, id=1864, stack(0x0000007b7b300000,0x0000007b7b400000)]
  0x00000217c329c000 JavaThread "C1 CompilerThread1" daemon [_thread_blocked, id=5824, stack(0x0000007b7b400000,0x0000007b7b500000)]
  0x00000217c32bf800 JavaThread "Common-Cleaner" daemon [_thread_blocked, id=16280, stack(0x0000007b7b600000,0x0000007b7b700000)]
  0x00000217c32de800 JavaThread "C2 CompilerThread1" daemon [_thread_in_native, id=12408, stack(0x0000007b7b700000,0x0000007b7b800000)]
  0x00000217c32df800 JavaThread "C2 CompilerThread2" daemon [_thread_in_native, id=20172, stack(0x0000007b7b800000,0x0000007b7b900000)]
  0x00000217c3894000 JavaThread "C1 CompilerThread2" daemon [_thread_blocked, id=20468, stack(0x0000007b7b900000,0x0000007b7ba00000)]
  0x00000217c3894800 JavaThread "C1 CompilerThread3" daemon [_thread_blocked, id=17380, stack(0x0000007b7ba00000,0x0000007b7bb00000)]
  0x00000217c6d2b800 JavaThread "C2 CompilerThread3" daemon [_thread_in_native, id=13084, stack(0x0000007b7c200000,0x0000007b7c300000)]
  0x00000217c6d2c000 JavaThread "C2 CompilerThread4" daemon [_thread_in_native, id=6588, stack(0x0000007b7c300000,0x0000007b7c400000)]
  0x00000217c3287000 JavaThread "C2 CompilerThread5" daemon [_thread_in_native, id=16964, stack(0x0000007b7c500000,0x0000007b7c600000)]

Other Threads:
  0x00000217c30b8000 VMThread "VM Thread" [stack: 0x0000007b7ab00000,0x0000007b7ac00000] [id=10908]
  0x00000217c32b7800 WatcherThread [stack: 0x0000007b7b500000,0x0000007b7b600000] [id=20984]
  0x00000217a2b85800 GCTaskThread "GC Thread#0" [stack: 0x0000007b7a600000,0x0000007b7a700000] [id=18224]
  0x00000217c3a8e000 GCTaskThread "GC Thread#1" [stack: 0x0000007b7bb00000,0x0000007b7bc00000] [id=17856]
  0x00000217c3a8f000 GCTaskThread "GC Thread#2" [stack: 0x0000007b7bc00000,0x0000007b7bd00000] [id=5024]
  0x00000217c3a8f800 GCTaskThread "GC Thread#3" [stack: 0x0000007b7bd00000,0x0000007b7be00000] [id=20508]
  0x00000217c3a95000 GCTaskThread "GC Thread#4" [stack: 0x0000007b7be00000,0x0000007b7bf00000] [id=3196]
  0x00000217c3a95800 GCTaskThread "GC Thread#5" [stack: 0x0000007b7bf00000,0x0000007b7c000000] [id=13520]
  0x00000217a2be5000 ConcurrentGCThread "G1 Main Marker" [stack: 0x0000007b7a700000,0x0000007b7a800000] [id=5972]
  0x00000217a2be6800 ConcurrentGCThread "G1 Conc#0" [stack: 0x0000007b7a800000,0x0000007b7a900000] [id=11400]
  0x00000217c4a29000 ConcurrentGCThread "G1 Conc#1" [stack: 0x0000007b7c000000,0x0000007b7c100000] [id=10172]
  0x00000217c3c98000 ConcurrentGCThread "G1 Conc#2" [stack: 0x0000007b7c100000,0x0000007b7c200000] [id=8172]
  0x00000217c26e1000 ConcurrentGCThread "G1 Refine#0" [stack: 0x0000007b7a900000,0x0000007b7aa00000] [id=14240]
  0x00000217c4a27000 ConcurrentGCThread "G1 Refine#1" [stack: 0x0000007b7c400000,0x0000007b7c500000] [id=15684]
  0x00000217c26e2000 ConcurrentGCThread "G1 Young RemSet Sampling" [stack: 0x0000007b7aa00000,0x0000007b7ab00000] [id=18080]

Threads with active compile tasks:
C2 CompilerThread0   2700 3608       4       org.jetbrains.kotlin.parsing.SemanticWhitespaceAwarePsiBuilderImpl::getTokenType (22 bytes)
C2 CompilerThread1   2700 3607       4       org.jetbrains.kotlin.com.intellij.lang.impl.PsiBuilderImpl::getTokenType (21 bytes)
C2 CompilerThread2   2700 3468       4       java.lang.ClassLoader::loadClass (7 bytes)
C2 CompilerThread3   2700 3658       4       org.jetbrains.kotlin.lexer._JetLexer::advance (2227 bytes)
C2 CompilerThread4   2700 3706       4       org.jetbrains.kotlin.com.intellij.lang.impl.PsiBuilderImpl::skipWhitespace (98 bytes)
C2 CompilerThread6   2700 3727       4       org.jetbrains.kotlin.com.intellij.util.text.ImmutableText::charAt (50 bytes)

VM state:not at safepoint (normal execution)

VM Mutex/Monitor currently owned by a thread: None

Heap address: 0x0000000700c00000, size: 4084 MB, Compressed Oops mode: Zero based, Oop shift amount: 3
Narrow klass base: 0x0000000800000000, Narrow klass shift: 0
Compressed class space size: 1073741824 Address: 0x0000000800000000

Heap:
 garbage-first heap   total 262144K, used 69556K [0x0000000700c00000, 0x0000000800000000)
  region size 1024K, 46 young (47104K), 2 survivors (2048K)
 Metaspace       used 43481K, capacity 44048K, committed 44160K, reserved 1095680K
  class space    used 5003K, capacity 5204K, committed 5248K, reserved 1048576K
Heap Regions: E=young(eden), S=young(survivor), O=old, HS=humongous(starts), HC=humongous(continues), CS=collection set, F=free, A=archive, TAMS=top-at-mark-start (previous, next)
|   0|0x0000000700c00000, 0x0000000700d00000, 0x0000000700d00000|100%|HS|  |TAMS 0x0000000700d00000, 0x0000000700c00000| Complete 
|   1|0x0000000700d00000, 0x0000000700e00000, 0x0000000700e00000|100%|HC|  |TAMS 0x0000000700e00000, 0x0000000700d00000| Complete 
|   2|0x0000000700e00000, 0x0000000700f00000, 0x0000000700f00000|100%|HC|  |TAMS 0x0000000700f00000, 0x0000000700e00000| Complete 
|   3|0x0000000700f00000, 0x0000000701000000, 0x0000000701000000|100%|HS|  |TAMS 0x0000000701000000, 0x0000000700f00000| Complete 
|   4|0x0000000701000000, 0x0000000701100000, 0x0000000701100000|100%|HC|  |TAMS 0x0000000701100000, 0x0000000701000000| Complete 
|   5|0x0000000701100000, 0x0000000701200000, 0x0000000701200000|100%|HC|  |TAMS 0x0000000701200000, 0x0000000701100000| Complete 
|   6|0x0000000701200000, 0x0000000701300000, 0x0000000701300000|100%|HS|  |TAMS 0x0000000701300000, 0x0000000701200000| Complete 
|   7|0x0000000701300000, 0x0000000701400000, 0x0000000701400000|100%|HC|  |TAMS 0x0000000701400000, 0x0000000701300000| Complete 
|   8|0x0000000701400000, 0x0000000701500000, 0x0000000701500000|100%|HC|  |TAMS 0x0000000701500000, 0x0000000701400000| Complete 
|   9|0x0000000701500000, 0x0000000701600000, 0x0000000701600000|100%| O|  |TAMS 0x0000000701600000, 0x0000000701500000| Untracked 
|  10|0x0000000701600000, 0x0000000701700000, 0x0000000701700000|100%| O|  |TAMS 0x0000000701700000, 0x0000000701600000| Untracked 
|  11|0x0000000701700000, 0x0000000701800000, 0x0000000701800000|100%| O|  |TAMS 0x0000000701800000, 0x0000000701700000| Untracked 
|  12|0x0000000701800000, 0x0000000701900000, 0x0000000701900000|100%| O|  |TAMS 0x0000000701900000, 0x0000000701800000| Untracked 
|  13|0x0000000701900000, 0x0000000701a00000, 0x0000000701a00000|100%|HS|  |TAMS 0x0000000701a00000, 0x0000000701900000| Complete 
|  14|0x0000000701a00000, 0x0000000701b00000, 0x0000000701b00000|100%|HC|  |TAMS 0x0000000701b00000, 0x0000000701a00000| Complete 
|  15|0x0000000701b00000, 0x0000000701c00000, 0x0000000701c00000|100%| O|  |TAMS 0x0000000701c00000, 0x0000000701b00000| Untracked 
|  16|0x0000000701c00000, 0x0000000701d00000, 0x0000000701d00000|100%| O|  |TAMS 0x0000000701d00000, 0x0000000701c00000| Untracked 
|  17|0x0000000701d00000, 0x0000000701e00000, 0x0000000701e00000|100%| O|  |TAMS 0x0000000701e00000, 0x0000000701d00000| Untracked 
|  18|0x0000000701e00000, 0x0000000701f00000, 0x0000000701f00000|100%| O|  |TAMS 0x0000000701f00000, 0x0000000701e00000| Untracked 
|  19|0x0000000701f00000, 0x0000000702000000, 0x0000000702000000|100%| O|  |TAMS 0x0000000702000000, 0x0000000701f00000| Untracked 
|  20|0x0000000702000000, 0x0000000702100000, 0x0000000702100000|100%| O|  |TAMS 0x0000000702100000, 0x0000000702000000| Untracked 
|  21|0x0000000702100000, 0x0000000702200000, 0x0000000702200000|100%| O|  |TAMS 0x0000000702200000, 0x0000000702100000| Untracked 
|  22|0x0000000702200000, 0x0000000702300000, 0x0000000702300000|100%| O|  |TAMS 0x0000000702300000, 0x0000000702200000| Untracked 
|  23|0x0000000702300000, 0x00000007023ce200, 0x0000000702400000| 80%| O|  |TAMS 0x00000007023ce200, 0x0000000702300000| Untracked 
|  24|0x0000000702400000, 0x0000000702400000, 0x0000000702500000|  0%| F|  |TAMS 0x0000000702400000, 0x0000000702400000| Untracked 
|  25|0x0000000702500000, 0x0000000702500000, 0x0000000702600000|  0%| F|  |TAMS 0x0000000702500000, 0x0000000702500000| Untracked 
|  26|0x0000000702600000, 0x0000000702600000, 0x0000000702700000|  0%| F|  |TAMS 0x0000000702600000, 0x0000000702600000| Untracked 
|  27|0x0000000702700000, 0x0000000702700000, 0x0000000702800000|  0%| F|  |TAMS 0x0000000702700000, 0x0000000702700000| Untracked 
|  28|0x0000000702800000, 0x0000000702800000, 0x0000000702900000|  0%| F|  |TAMS 0x0000000702800000, 0x0000000702800000| Untracked 
|  29|0x0000000702900000, 0x0000000702900000, 0x0000000702a00000|  0%| F|  |TAMS 0x0000000702900000, 0x0000000702900000| Untracked 
|  30|0x0000000702a00000, 0x0000000702a00000, 0x0000000702b00000|  0%| F|  |TAMS 0x0000000702a00000, 0x0000000702a00000| Untracked 
|  31|0x0000000702b00000, 0x0000000702b00000, 0x0000000702c00000|  0%| F|  |TAMS 0x0000000702b00000, 0x0000000702b00000| Untracked 
|  32|0x0000000702c00000, 0x0000000702c00000, 0x0000000702d00000|  0%| F|  |TAMS 0x0000000702c00000, 0x0000000702c00000| Untracked 
|  33|0x0000000702d00000, 0x0000000702d00000, 0x0000000702e00000|  0%| F|  |TAMS 0x0000000702d00000, 0x0000000702d00000| Untracked 
|  34|0x0000000702e00000, 0x0000000702e00000, 0x0000000702f00000|  0%| F|  |TAMS 0x0000000702e00000, 0x0000000702e00000| Untracked 
|  35|0x0000000702f00000, 0x0000000702f00000, 0x0000000703000000|  0%| F|  |TAMS 0x0000000702f00000, 0x0000000702f00000| Untracked 
|  36|0x0000000703000000, 0x0000000703000000, 0x0000000703100000|  0%| F|  |TAMS 0x0000000703000000, 0x0000000703000000| Untracked 
|  37|0x0000000703100000, 0x0000000703100000, 0x0000000703200000|  0%| F|  |TAMS 0x0000000703100000, 0x0000000703100000| Untracked 
|  38|0x0000000703200000, 0x0000000703200000, 0x0000000703300000|  0%| F|  |TAMS 0x0000000703200000, 0x0000000703200000| Untracked 
|  39|0x0000000703300000, 0x0000000703300000, 0x0000000703400000|  0%| F|  |TAMS 0x0000000703300000, 0x0000000703300000| Untracked 
|  40|0x0000000703400000, 0x0000000703400000, 0x0000000703500000|  0%| F|  |TAMS 0x0000000703400000, 0x0000000703400000| Untracked 
|  41|0x0000000703500000, 0x0000000703500000, 0x0000000703600000|  0%| F|  |TAMS 0x0000000703500000, 0x0000000703500000| Untracked 
|  42|0x0000000703600000, 0x0000000703600000, 0x0000000703700000|  0%| F|  |TAMS 0x0000000703600000, 0x0000000703600000| Untracked 
|  43|0x0000000703700000, 0x0000000703700000, 0x0000000703800000|  0%| F|  |TAMS 0x0000000703700000, 0x0000000703700000| Untracked 
|  44|0x0000000703800000, 0x0000000703800000, 0x0000000703900000|  0%| F|  |TAMS 0x0000000703800000, 0x0000000703800000| Untracked 
|  45|0x0000000703900000, 0x0000000703900000, 0x0000000703a00000|  0%| F|  |TAMS 0x0000000703900000, 0x0000000703900000| Untracked 
|  46|0x0000000703a00000, 0x0000000703a00000, 0x0000000703b00000|  0%| F|  |TAMS 0x0000000703a00000, 0x0000000703a00000| Untracked 
|  47|0x0000000703b00000, 0x0000000703b00000, 0x0000000703c00000|  0%| F|  |TAMS 0x0000000703b00000, 0x0000000703b00000| Untracked 
|  48|0x0000000703c00000, 0x0000000703c00000, 0x0000000703d00000|  0%| F|  |TAMS 0x0000000703c00000, 0x0000000703c00000| Untracked 
|  49|0x0000000703d00000, 0x0000000703d00000, 0x0000000703e00000|  0%| F|  |TAMS 0x0000000703d00000, 0x0000000703d00000| Untracked 
|  50|0x0000000703e00000, 0x0000000703e00000, 0x0000000703f00000|  0%| F|  |TAMS 0x0000000703e00000, 0x0000000703e00000| Untracked 
|  51|0x0000000703f00000, 0x0000000703f00000, 0x0000000704000000|  0%| F|  |TAMS 0x0000000703f00000, 0x0000000703f00000| Untracked 
|  52|0x0000000704000000, 0x0000000704000000, 0x0000000704100000|  0%| F|  |TAMS 0x0000000704000000, 0x0000000704000000| Untracked 
|  53|0x0000000704100000, 0x0000000704100000, 0x0000000704200000|  0%| F|  |TAMS 0x0000000704100000, 0x0000000704100000| Untracked 
|  54|0x0000000704200000, 0x0000000704200000, 0x0000000704300000|  0%| F|  |TAMS 0x0000000704200000, 0x0000000704200000| Untracked 
|  55|0x0000000704300000, 0x0000000704300000, 0x0000000704400000|  0%| F|  |TAMS 0x0000000704300000, 0x0000000704300000| Untracked 
|  56|0x0000000704400000, 0x0000000704400000, 0x0000000704500000|  0%| F|  |TAMS 0x0000000704400000, 0x0000000704400000| Untracked 
|  57|0x0000000704500000, 0x0000000704500000, 0x0000000704600000|  0%| F|  |TAMS 0x0000000704500000, 0x0000000704500000| Untracked 
|  58|0x0000000704600000, 0x0000000704600000, 0x0000000704700000|  0%| F|  |TAMS 0x0000000704600000, 0x0000000704600000| Untracked 
|  59|0x0000000704700000, 0x0000000704700000, 0x0000000704800000|  0%| F|  |TAMS 0x0000000704700000, 0x0000000704700000| Untracked 
|  60|0x0000000704800000, 0x0000000704800000, 0x0000000704900000|  0%| F|  |TAMS 0x0000000704800000, 0x0000000704800000| Untracked 
|  61|0x0000000704900000, 0x0000000704900000, 0x0000000704a00000|  0%| F|  |TAMS 0x0000000704900000, 0x0000000704900000| Untracked 
|  62|0x0000000704a00000, 0x0000000704a00000, 0x0000000704b00000|  0%| F|  |TAMS 0x0000000704a00000, 0x0000000704a00000| Untracked 
|  63|0x0000000704b00000, 0x0000000704b00000, 0x0000000704c00000|  0%| F|  |TAMS 0x0000000704b00000, 0x0000000704b00000| Untracked 
|  64|0x0000000704c00000, 0x0000000704c00000, 0x0000000704d00000|  0%| F|  |TAMS 0x0000000704c00000, 0x0000000704c00000| Untracked 
|  65|0x0000000704d00000, 0x0000000704d00000, 0x0000000704e00000|  0%| F|  |TAMS 0x0000000704d00000, 0x0000000704d00000| Untracked 
|  66|0x0000000704e00000, 0x0000000704e00000, 0x0000000704f00000|  0%| F|  |TAMS 0x0000000704e00000, 0x0000000704e00000| Untracked 
|  67|0x0000000704f00000, 0x0000000704f00000, 0x0000000705000000|  0%| F|  |TAMS 0x0000000704f00000, 0x0000000704f00000| Untracked 
|  68|0x0000000705000000, 0x0000000705000000, 0x0000000705100000|  0%| F|  |TAMS 0x0000000705000000, 0x0000000705000000| Untracked 
|  69|0x0000000705100000, 0x0000000705100000, 0x0000000705200000|  0%| F|  |TAMS 0x0000000705100000, 0x0000000705100000| Untracked 
|  70|0x0000000705200000, 0x0000000705200000, 0x0000000705300000|  0%| F|  |TAMS 0x0000000705200000, 0x0000000705200000| Untracked 
|  71|0x0000000705300000, 0x0000000705300000, 0x0000000705400000|  0%| F|  |TAMS 0x0000000705300000, 0x0000000705300000| Untracked 
|  72|0x0000000705400000, 0x0000000705400000, 0x0000000705500000|  0%| F|  |TAMS 0x0000000705400000, 0x0000000705400000| Untracked 
|  73|0x0000000705500000, 0x0000000705500000, 0x0000000705600000|  0%| F|  |TAMS 0x0000000705500000, 0x0000000705500000| Untracked 
|  74|0x0000000705600000, 0x0000000705600000, 0x0000000705700000|  0%| F|  |TAMS 0x0000000705600000, 0x0000000705600000| Untracked 
|  75|0x0000000705700000, 0x0000000705700000, 0x0000000705800000|  0%| F|  |TAMS 0x0000000705700000, 0x0000000705700000| Untracked 
|  76|0x0000000705800000, 0x0000000705800000, 0x0000000705900000|  0%| F|  |TAMS 0x0000000705800000, 0x0000000705800000| Untracked 
|  77|0x0000000705900000, 0x0000000705900000, 0x0000000705a00000|  0%| F|  |TAMS 0x0000000705900000, 0x0000000705900000| Untracked 
|  78|0x0000000705a00000, 0x0000000705a00000, 0x0000000705b00000|  0%| F|  |TAMS 0x0000000705a00000, 0x0000000705a00000| Untracked 
|  79|0x0000000705b00000, 0x0000000705b00000, 0x0000000705c00000|  0%| F|  |TAMS 0x0000000705b00000, 0x0000000705b00000| Untracked 
|  80|0x0000000705c00000, 0x0000000705c00000, 0x0000000705d00000|  0%| F|  |TAMS 0x0000000705c00000, 0x0000000705c00000| Untracked 
|  81|0x0000000705d00000, 0x0000000705d00000, 0x0000000705e00000|  0%| F|  |TAMS 0x0000000705d00000, 0x0000000705d00000| Untracked 
|  82|0x0000000705e00000, 0x0000000705e00000, 0x0000000705f00000|  0%| F|  |TAMS 0x0000000705e00000, 0x0000000705e00000| Untracked 
|  83|0x0000000705f00000, 0x0000000705f00000, 0x0000000706000000|  0%| F|  |TAMS 0x0000000705f00000, 0x0000000705f00000| Untracked 
|  84|0x0000000706000000, 0x0000000706000000, 0x0000000706100000|  0%| F|  |TAMS 0x0000000706000000, 0x0000000706000000| Untracked 
|  85|0x0000000706100000, 0x0000000706100000, 0x0000000706200000|  0%| F|  |TAMS 0x0000000706100000, 0x0000000706100000| Untracked 
|  86|0x0000000706200000, 0x0000000706200000, 0x0000000706300000|  0%| F|  |TAMS 0x0000000706200000, 0x0000000706200000| Untracked 
|  87|0x0000000706300000, 0x0000000706300000, 0x0000000706400000|  0%| F|  |TAMS 0x0000000706300000, 0x0000000706300000| Untracked 
|  88|0x0000000706400000, 0x0000000706400000, 0x0000000706500000|  0%| F|  |TAMS 0x0000000706400000, 0x0000000706400000| Untracked 
|  89|0x0000000706500000, 0x0000000706500000, 0x0000000706600000|  0%| F|  |TAMS 0x0000000706500000, 0x0000000706500000| Untracked 
|  90|0x0000000706600000, 0x0000000706600000, 0x0000000706700000|  0%| F|  |TAMS 0x0000000706600000, 0x0000000706600000| Untracked 
|  91|0x0000000706700000, 0x0000000706700000, 0x0000000706800000|  0%| F|  |TAMS 0x0000000706700000, 0x0000000706700000| Untracked 
|  92|0x0000000706800000, 0x0000000706800000, 0x0000000706900000|  0%| F|  |TAMS 0x0000000706800000, 0x0000000706800000| Untracked 
|  93|0x0000000706900000, 0x0000000706900000, 0x0000000706a00000|  0%| F|  |TAMS 0x0000000706900000, 0x0000000706900000| Untracked 
|  94|0x0000000706a00000, 0x0000000706a00000, 0x0000000706b00000|  0%| F|  |TAMS 0x0000000706a00000, 0x0000000706a00000| Untracked 
|  95|0x0000000706b00000, 0x0000000706b00000, 0x0000000706c00000|  0%| F|  |TAMS 0x0000000706b00000, 0x0000000706b00000| Untracked 
|  96|0x0000000706c00000, 0x0000000706c00000, 0x0000000706d00000|  0%| F|  |TAMS 0x0000000706c00000, 0x0000000706c00000| Untracked 
|  97|0x0000000706d00000, 0x0000000706d00000, 0x0000000706e00000|  0%| F|  |TAMS 0x0000000706d00000, 0x0000000706d00000| Untracked 
|  98|0x0000000706e00000, 0x0000000706e00000, 0x0000000706f00000|  0%| F|  |TAMS 0x0000000706e00000, 0x0000000706e00000| Untracked 
|  99|0x0000000706f00000, 0x0000000706f00000, 0x0000000707000000|  0%| F|  |TAMS 0x0000000706f00000, 0x0000000706f00000| Untracked 
| 100|0x0000000707000000, 0x0000000707000000, 0x0000000707100000|  0%| F|  |TAMS 0x0000000707000000, 0x0000000707000000| Untracked 
| 101|0x0000000707100000, 0x0000000707100000, 0x0000000707200000|  0%| F|  |TAMS 0x0000000707100000, 0x0000000707100000| Untracked 
| 102|0x0000000707200000, 0x0000000707200000, 0x0000000707300000|  0%| F|  |TAMS 0x0000000707200000, 0x0000000707200000| Untracked 
| 103|0x0000000707300000, 0x0000000707300000, 0x0000000707400000|  0%| F|  |TAMS 0x0000000707300000, 0x0000000707300000| Untracked 
| 104|0x0000000707400000, 0x0000000707400000, 0x0000000707500000|  0%| F|  |TAMS 0x0000000707400000, 0x0000000707400000| Untracked 
| 105|0x0000000707500000, 0x0000000707500000, 0x0000000707600000|  0%| F|  |TAMS 0x0000000707500000, 0x0000000707500000| Untracked 
| 106|0x0000000707600000, 0x0000000707600000, 0x0000000707700000|  0%| F|  |TAMS 0x0000000707600000, 0x0000000707600000| Untracked 
| 107|0x0000000707700000, 0x0000000707700000, 0x0000000707800000|  0%| F|  |TAMS 0x0000000707700000, 0x0000000707700000| Untracked 
| 108|0x0000000707800000, 0x0000000707800000, 0x0000000707900000|  0%| F|  |TAMS 0x0000000707800000, 0x0000000707800000| Untracked 
| 109|0x0000000707900000, 0x0000000707900000, 0x0000000707a00000|  0%| F|  |TAMS 0x0000000707900000, 0x0000000707900000| Untracked 
| 110|0x0000000707a00000, 0x0000000707a00000, 0x0000000707b00000|  0%| F|  |TAMS 0x0000000707a00000, 0x0000000707a00000| Untracked 
| 111|0x0000000707b00000, 0x0000000707b00000, 0x0000000707c00000|  0%| F|  |TAMS 0x0000000707b00000, 0x0000000707b00000| Untracked 
| 112|0x0000000707c00000, 0x0000000707c00000, 0x0000000707d00000|  0%| F|  |TAMS 0x0000000707c00000, 0x0000000707c00000| Untracked 
| 113|0x0000000707d00000, 0x0000000707d00000, 0x0000000707e00000|  0%| F|  |TAMS 0x0000000707d00000, 0x0000000707d00000| Untracked 
| 114|0x0000000707e00000, 0x0000000707e00000, 0x0000000707f00000|  0%| F|  |TAMS 0x0000000707e00000, 0x0000000707e00000| Untracked 
| 115|0x0000000707f00000, 0x0000000707f00000, 0x0000000708000000|  0%| F|  |TAMS 0x0000000707f00000, 0x0000000707f00000| Untracked 
| 116|0x0000000708000000, 0x0000000708000000, 0x0000000708100000|  0%| F|  |TAMS 0x0000000708000000, 0x0000000708000000| Untracked 
| 117|0x0000000708100000, 0x0000000708100000, 0x0000000708200000|  0%| F|  |TAMS 0x0000000708100000, 0x0000000708100000| Untracked 
| 118|0x0000000708200000, 0x0000000708200000, 0x0000000708300000|  0%| F|  |TAMS 0x0000000708200000, 0x0000000708200000| Untracked 
| 119|0x0000000708300000, 0x0000000708300000, 0x0000000708400000|  0%| F|  |TAMS 0x0000000708300000, 0x0000000708300000| Untracked 
| 120|0x0000000708400000, 0x0000000708400000, 0x0000000708500000|  0%| F|  |TAMS 0x0000000708400000, 0x0000000708400000| Untracked 
| 121|0x0000000708500000, 0x0000000708500000, 0x0000000708600000|  0%| F|  |TAMS 0x0000000708500000, 0x0000000708500000| Untracked 
| 122|0x0000000708600000, 0x0000000708600000, 0x0000000708700000|  0%| F|  |TAMS 0x0000000708600000, 0x0000000708600000| Untracked 
| 123|0x0000000708700000, 0x0000000708700000, 0x0000000708800000|  0%| F|  |TAMS 0x0000000708700000, 0x0000000708700000| Untracked 
| 124|0x0000000708800000, 0x0000000708800000, 0x0000000708900000|  0%| F|  |TAMS 0x0000000708800000, 0x0000000708800000| Untracked 
| 125|0x0000000708900000, 0x0000000708900000, 0x0000000708a00000|  0%| F|  |TAMS 0x0000000708900000, 0x0000000708900000| Untracked 
| 126|0x0000000708a00000, 0x0000000708a00000, 0x0000000708b00000|  0%| F|  |TAMS 0x0000000708a00000, 0x0000000708a00000| Untracked 
| 127|0x0000000708b00000, 0x0000000708b00000, 0x0000000708c00000|  0%| F|  |TAMS 0x0000000708b00000, 0x0000000708b00000| Untracked 
| 128|0x0000000708c00000, 0x0000000708c00000, 0x0000000708d00000|  0%| F|  |TAMS 0x0000000708c00000, 0x0000000708c00000| Untracked 
| 129|0x0000000708d00000, 0x0000000708d00000, 0x0000000708e00000|  0%| F|  |TAMS 0x0000000708d00000, 0x0000000708d00000| Untracked 
| 130|0x0000000708e00000, 0x0000000708e00000, 0x0000000708f00000|  0%| F|  |TAMS 0x0000000708e00000, 0x0000000708e00000| Untracked 
| 131|0x0000000708f00000, 0x0000000708f00000, 0x0000000709000000|  0%| F|  |TAMS 0x0000000708f00000, 0x0000000708f00000| Untracked 
| 132|0x0000000709000000, 0x0000000709000000, 0x0000000709100000|  0%| F|  |TAMS 0x0000000709000000, 0x0000000709000000| Untracked 
| 133|0x0000000709100000, 0x0000000709100000, 0x0000000709200000|  0%| F|  |TAMS 0x0000000709100000, 0x0000000709100000| Untracked 
| 134|0x0000000709200000, 0x0000000709200000, 0x0000000709300000|  0%| F|  |TAMS 0x0000000709200000, 0x0000000709200000| Untracked 
| 135|0x0000000709300000, 0x0000000709300000, 0x0000000709400000|  0%| F|  |TAMS 0x0000000709300000, 0x0000000709300000| Untracked 
| 136|0x0000000709400000, 0x0000000709400000, 0x0000000709500000|  0%| F|  |TAMS 0x0000000709400000, 0x0000000709400000| Untracked 
| 137|0x0000000709500000, 0x0000000709500000, 0x0000000709600000|  0%| F|  |TAMS 0x0000000709500000, 0x0000000709500000| Untracked 
| 138|0x0000000709600000, 0x0000000709600000, 0x0000000709700000|  0%| F|  |TAMS 0x0000000709600000, 0x0000000709600000| Untracked 
| 139|0x0000000709700000, 0x0000000709700000, 0x0000000709800000|  0%| F|  |TAMS 0x0000000709700000, 0x0000000709700000| Untracked 
| 140|0x0000000709800000, 0x0000000709800000, 0x0000000709900000|  0%| F|  |TAMS 0x0000000709800000, 0x0000000709800000| Untracked 
| 141|0x0000000709900000, 0x0000000709900000, 0x0000000709a00000|  0%| F|  |TAMS 0x0000000709900000, 0x0000000709900000| Untracked 
| 142|0x0000000709a00000, 0x0000000709a00000, 0x0000000709b00000|  0%| F|  |TAMS 0x0000000709a00000, 0x0000000709a00000| Untracked 
| 143|0x0000000709b00000, 0x0000000709b00000, 0x0000000709c00000|  0%| F|  |TAMS 0x0000000709b00000, 0x0000000709b00000| Untracked 
| 144|0x0000000709c00000, 0x0000000709c00000, 0x0000000709d00000|  0%| F|  |TAMS 0x0000000709c00000, 0x0000000709c00000| Untracked 
| 145|0x0000000709d00000, 0x0000000709d00000, 0x0000000709e00000|  0%| F|  |TAMS 0x0000000709d00000, 0x0000000709d00000| Untracked 
| 146|0x0000000709e00000, 0x0000000709e00000, 0x0000000709f00000|  0%| F|  |TAMS 0x0000000709e00000, 0x0000000709e00000| Untracked 
| 147|0x0000000709f00000, 0x0000000709f00000, 0x000000070a000000|  0%| F|  |TAMS 0x0000000709f00000, 0x0000000709f00000| Untracked 
| 148|0x000000070a000000, 0x000000070a000000, 0x000000070a100000|  0%| F|  |TAMS 0x000000070a000000, 0x000000070a000000| Untracked 
| 149|0x000000070a100000, 0x000000070a100000, 0x000000070a200000|  0%| F|  |TAMS 0x000000070a100000, 0x000000070a100000| Untracked 
| 150|0x000000070a200000, 0x000000070a200000, 0x000000070a300000|  0%| F|  |TAMS 0x000000070a200000, 0x000000070a200000| Untracked 
| 151|0x000000070a300000, 0x000000070a300000, 0x000000070a400000|  0%| F|  |TAMS 0x000000070a300000, 0x000000070a300000| Untracked 
| 152|0x000000070a400000, 0x000000070a400000, 0x000000070a500000|  0%| F|  |TAMS 0x000000070a400000, 0x000000070a400000| Untracked 
| 153|0x000000070a500000, 0x000000070a500000, 0x000000070a600000|  0%| F|  |TAMS 0x000000070a500000, 0x000000070a500000| Untracked 
| 154|0x000000070a600000, 0x000000070a600000, 0x000000070a700000|  0%| F|  |TAMS 0x000000070a600000, 0x000000070a600000| Untracked 
| 155|0x000000070a700000, 0x000000070a700000, 0x000000070a800000|  0%| F|  |TAMS 0x000000070a700000, 0x000000070a700000| Untracked 
| 156|0x000000070a800000, 0x000000070a800000, 0x000000070a900000|  0%| F|  |TAMS 0x000000070a800000, 0x000000070a800000| Untracked 
| 157|0x000000070a900000, 0x000000070a900000, 0x000000070aa00000|  0%| F|  |TAMS 0x000000070a900000, 0x000000070a900000| Untracked 
| 158|0x000000070aa00000, 0x000000070aa00000, 0x000000070ab00000|  0%| F|  |TAMS 0x000000070aa00000, 0x000000070aa00000| Untracked 
| 159|0x000000070ab00000, 0x000000070ab00000, 0x000000070ac00000|  0%| F|  |TAMS 0x000000070ab00000, 0x000000070ab00000| Untracked 
| 160|0x000000070ac00000, 0x000000070ac00000, 0x000000070ad00000|  0%| F|  |TAMS 0x000000070ac00000, 0x000000070ac00000| Untracked 
| 161|0x000000070ad00000, 0x000000070ad00000, 0x000000070ae00000|  0%| F|  |TAMS 0x000000070ad00000, 0x000000070ad00000| Untracked 
| 162|0x000000070ae00000, 0x000000070ae00000, 0x000000070af00000|  0%| F|  |TAMS 0x000000070ae00000, 0x000000070ae00000| Untracked 
| 163|0x000000070af00000, 0x000000070af00000, 0x000000070b000000|  0%| F|  |TAMS 0x000000070af00000, 0x000000070af00000| Untracked 
| 164|0x000000070b000000, 0x000000070b000000, 0x000000070b100000|  0%| F|  |TAMS 0x000000070b000000, 0x000000070b000000| Untracked 
| 165|0x000000070b100000, 0x000000070b100000, 0x000000070b200000|  0%| F|  |TAMS 0x000000070b100000, 0x000000070b100000| Untracked 
| 166|0x000000070b200000, 0x000000070b200000, 0x000000070b300000|  0%| F|  |TAMS 0x000000070b200000, 0x000000070b200000| Untracked 
| 167|0x000000070b300000, 0x000000070b300000, 0x000000070b400000|  0%| F|  |TAMS 0x000000070b300000, 0x000000070b300000| Untracked 
| 168|0x000000070b400000, 0x000000070b400000, 0x000000070b500000|  0%| F|  |TAMS 0x000000070b400000, 0x000000070b400000| Untracked 
| 169|0x000000070b500000, 0x000000070b500000, 0x000000070b600000|  0%| F|  |TAMS 0x000000070b500000, 0x000000070b500000| Untracked 
| 170|0x000000070b600000, 0x000000070b600000, 0x000000070b700000|  0%| F|  |TAMS 0x000000070b600000, 0x000000070b600000| Untracked 
| 171|0x000000070b700000, 0x000000070b700000, 0x000000070b800000|  0%| F|  |TAMS 0x000000070b700000, 0x000000070b700000| Untracked 
| 172|0x000000070b800000, 0x000000070b800000, 0x000000070b900000|  0%| F|  |TAMS 0x000000070b800000, 0x000000070b800000| Untracked 
| 173|0x000000070b900000, 0x000000070b900000, 0x000000070ba00000|  0%| F|  |TAMS 0x000000070b900000, 0x000000070b900000| Untracked 
| 174|0x000000070ba00000, 0x000000070ba00000, 0x000000070bb00000|  0%| F|  |TAMS 0x000000070ba00000, 0x000000070ba00000| Untracked 
| 175|0x000000070bb00000, 0x000000070bb00000, 0x000000070bc00000|  0%| F|  |TAMS 0x000000070bb00000, 0x000000070bb00000| Untracked 
| 176|0x000000070bc00000, 0x000000070bc00000, 0x000000070bd00000|  0%| F|  |TAMS 0x000000070bc00000, 0x000000070bc00000| Untracked 
| 177|0x000000070bd00000, 0x000000070bd00000, 0x000000070be00000|  0%| F|  |TAMS 0x000000070bd00000, 0x000000070bd00000| Untracked 
| 178|0x000000070be00000, 0x000000070be00000, 0x000000070bf00000|  0%| F|  |TAMS 0x000000070be00000, 0x000000070be00000| Untracked 
| 179|0x000000070bf00000, 0x000000070bf00000, 0x000000070c000000|  0%| F|  |TAMS 0x000000070bf00000, 0x000000070bf00000| Untracked 
| 180|0x000000070c000000, 0x000000070c000000, 0x000000070c100000|  0%| F|  |TAMS 0x000000070c000000, 0x000000070c000000| Untracked 
| 181|0x000000070c100000, 0x000000070c100000, 0x000000070c200000|  0%| F|  |TAMS 0x000000070c100000, 0x000000070c100000| Untracked 
| 182|0x000000070c200000, 0x000000070c200000, 0x000000070c300000|  0%| F|  |TAMS 0x000000070c200000, 0x000000070c200000| Untracked 
| 183|0x000000070c300000, 0x000000070c300000, 0x000000070c400000|  0%| F|  |TAMS 0x000000070c300000, 0x000000070c300000| Untracked 
| 184|0x000000070c400000, 0x000000070c400000, 0x000000070c500000|  0%| F|  |TAMS 0x000000070c400000, 0x000000070c400000| Untracked 
| 185|0x000000070c500000, 0x000000070c500000, 0x000000070c600000|  0%| F|  |TAMS 0x000000070c500000, 0x000000070c500000| Untracked 
| 186|0x000000070c600000, 0x000000070c600000, 0x000000070c700000|  0%| F|  |TAMS 0x000000070c600000, 0x000000070c600000| Untracked 
| 187|0x000000070c700000, 0x000000070c700000, 0x000000070c800000|  0%| F|  |TAMS 0x000000070c700000, 0x000000070c700000| Untracked 
| 188|0x000000070c800000, 0x000000070c800000, 0x000000070c900000|  0%| F|  |TAMS 0x000000070c800000, 0x000000070c800000| Untracked 
| 189|0x000000070c900000, 0x000000070c900000, 0x000000070ca00000|  0%| F|  |TAMS 0x000000070c900000, 0x000000070c900000| Untracked 
| 190|0x000000070ca00000, 0x000000070ca00000, 0x000000070cb00000|  0%| F|  |TAMS 0x000000070ca00000, 0x000000070ca00000| Untracked 
| 191|0x000000070cb00000, 0x000000070cb00000, 0x000000070cc00000|  0%| F|  |TAMS 0x000000070cb00000, 0x000000070cb00000| Untracked 
| 192|0x000000070cc00000, 0x000000070cc00000, 0x000000070cd00000|  0%| F|  |TAMS 0x000000070cc00000, 0x000000070cc00000| Untracked 
| 193|0x000000070cd00000, 0x000000070cd00000, 0x000000070ce00000|  0%| F|  |TAMS 0x000000070cd00000, 0x000000070cd00000| Untracked 
| 194|0x000000070ce00000, 0x000000070ce00000, 0x000000070cf00000|  0%| F|  |TAMS 0x000000070ce00000, 0x000000070ce00000| Untracked 
| 195|0x000000070cf00000, 0x000000070cf00000, 0x000000070d000000|  0%| F|  |TAMS 0x000000070cf00000, 0x000000070cf00000| Untracked 
| 196|0x000000070d000000, 0x000000070d000000, 0x000000070d100000|  0%| F|  |TAMS 0x000000070d000000, 0x000000070d000000| Untracked 
| 197|0x000000070d100000, 0x000000070d100000, 0x000000070d200000|  0%| F|  |TAMS 0x000000070d100000, 0x000000070d100000| Untracked 
| 198|0x000000070d200000, 0x000000070d200000, 0x000000070d300000|  0%| F|  |TAMS 0x000000070d200000, 0x000000070d200000| Untracked 
| 199|0x000000070d300000, 0x000000070d300000, 0x000000070d400000|  0%| F|  |TAMS 0x000000070d300000, 0x000000070d300000| Untracked 
| 200|0x000000070d400000, 0x000000070d400000, 0x000000070d500000|  0%| F|  |TAMS 0x000000070d400000, 0x000000070d400000| Untracked 
| 201|0x000000070d500000, 0x000000070d500000, 0x000000070d600000|  0%| F|  |TAMS 0x000000070d500000, 0x000000070d500000| Untracked 
| 202|0x000000070d600000, 0x000000070d600000, 0x000000070d700000|  0%| F|  |TAMS 0x000000070d600000, 0x000000070d600000| Untracked 
| 203|0x000000070d700000, 0x000000070d700000, 0x000000070d800000|  0%| F|  |TAMS 0x000000070d700000, 0x000000070d700000| Untracked 
| 204|0x000000070d800000, 0x000000070d800000, 0x000000070d900000|  0%| F|  |TAMS 0x000000070d800000, 0x000000070d800000| Untracked 
| 205|0x000000070d900000, 0x000000070d900000, 0x000000070da00000|  0%| F|  |TAMS 0x000000070d900000, 0x000000070d900000| Untracked 
| 206|0x000000070da00000, 0x000000070da00000, 0x000000070db00000|  0%| F|  |TAMS 0x000000070da00000, 0x000000070da00000| Untracked 
| 207|0x000000070db00000, 0x000000070db00000, 0x000000070dc00000|  0%| F|  |TAMS 0x000000070db00000, 0x000000070db00000| Untracked 
| 208|0x000000070dc00000, 0x000000070dc00000, 0x000000070dd00000|  0%| F|  |TAMS 0x000000070dc00000, 0x000000070dc00000| Untracked 
| 209|0x000000070dd00000, 0x000000070dd00000, 0x000000070de00000|  0%| F|  |TAMS 0x000000070dd00000, 0x000000070dd00000| Untracked 
| 210|0x000000070de00000, 0x000000070df00000, 0x000000070df00000|100%| E|  |TAMS 0x000000070de00000, 0x000000070de00000| Complete 
| 211|0x000000070df00000, 0x000000070e000000, 0x000000070e000000|100%| E|CS|TAMS 0x000000070df00000, 0x000000070df00000| Complete 
| 212|0x000000070e000000, 0x000000070e100000, 0x000000070e100000|100%| E|CS|TAMS 0x000000070e000000, 0x000000070e000000| Complete 
| 213|0x000000070e100000, 0x000000070e200000, 0x000000070e200000|100%| E|CS|TAMS 0x000000070e100000, 0x000000070e100000| Complete 
| 214|0x000000070e200000, 0x000000070e300000, 0x000000070e300000|100%| E|CS|TAMS 0x000000070e200000, 0x000000070e200000| Complete 
| 215|0x000000070e300000, 0x000000070e400000, 0x000000070e400000|100%| E|CS|TAMS 0x000000070e300000, 0x000000070e300000| Complete 
| 216|0x000000070e400000, 0x000000070e500000, 0x000000070e500000|100%| E|CS|TAMS 0x000000070e400000, 0x000000070e400000| Complete 
| 217|0x000000070e500000, 0x000000070e600000, 0x000000070e600000|100%| E|CS|TAMS 0x000000070e500000, 0x000000070e500000| Complete 
| 218|0x000000070e600000, 0x000000070e700000, 0x000000070e700000|100%| E|CS|TAMS 0x000000070e600000, 0x000000070e600000| Complete 
| 219|0x000000070e700000, 0x000000070e800000, 0x000000070e800000|100%| E|CS|TAMS 0x000000070e700000, 0x000000070e700000| Complete 
| 220|0x000000070e800000, 0x000000070e900000, 0x000000070e900000|100%| E|CS|TAMS 0x000000070e800000, 0x000000070e800000| Complete 
| 221|0x000000070e900000, 0x000000070ea00000, 0x000000070ea00000|100%| E|CS|TAMS 0x000000070e900000, 0x000000070e900000| Complete 
| 222|0x000000070ea00000, 0x000000070eb00000, 0x000000070eb00000|100%| E|CS|TAMS 0x000000070ea00000, 0x000000070ea00000| Complete 
| 223|0x000000070eb00000, 0x000000070ec00000, 0x000000070ec00000|100%| E|CS|TAMS 0x000000070eb00000, 0x000000070eb00000| Complete 
| 224|0x000000070ec00000, 0x000000070ed00000, 0x000000070ed00000|100%| E|CS|TAMS 0x000000070ec00000, 0x000000070ec00000| Complete 
| 225|0x000000070ed00000, 0x000000070ee00000, 0x000000070ee00000|100%| E|CS|TAMS 0x000000070ed00000, 0x000000070ed00000| Complete 
| 226|0x000000070ee00000, 0x000000070ef00000, 0x000000070ef00000|100%| E|CS|TAMS 0x000000070ee00000, 0x000000070ee00000| Complete 
| 227|0x000000070ef00000, 0x000000070f000000, 0x000000070f000000|100%| E|CS|TAMS 0x000000070ef00000, 0x000000070ef00000| Complete 
| 228|0x000000070f000000, 0x000000070f100000, 0x000000070f100000|100%| E|CS|TAMS 0x000000070f000000, 0x000000070f000000| Complete 
| 229|0x000000070f100000, 0x000000070f200000, 0x000000070f200000|100%| E|CS|TAMS 0x000000070f100000, 0x000000070f100000| Complete 
| 230|0x000000070f200000, 0x000000070f300000, 0x000000070f300000|100%| E|CS|TAMS 0x000000070f200000, 0x000000070f200000| Complete 
| 231|0x000000070f300000, 0x000000070f400000, 0x000000070f400000|100%| E|CS|TAMS 0x000000070f300000, 0x000000070f300000| Complete 
| 232|0x000000070f400000, 0x000000070f500000, 0x000000070f500000|100%| E|CS|TAMS 0x000000070f400000, 0x000000070f400000| Complete 
| 233|0x000000070f500000, 0x000000070f600000, 0x000000070f600000|100%| E|CS|TAMS 0x000000070f500000, 0x000000070f500000| Complete 
| 234|0x000000070f600000, 0x000000070f700000, 0x000000070f700000|100%| E|CS|TAMS 0x000000070f600000, 0x000000070f600000| Complete 
| 235|0x000000070f700000, 0x000000070f800000, 0x000000070f800000|100%| E|CS|TAMS 0x000000070f700000, 0x000000070f700000| Complete 
| 236|0x000000070f800000, 0x000000070f900000, 0x000000070f900000|100%| E|CS|TAMS 0x000000070f800000, 0x000000070f800000| Complete 
| 237|0x000000070f900000, 0x000000070fa00000, 0x000000070fa00000|100%| E|CS|TAMS 0x000000070f900000, 0x000000070f900000| Complete 
| 238|0x000000070fa00000, 0x000000070fb00000, 0x000000070fb00000|100%| E|CS|TAMS 0x000000070fa00000, 0x000000070fa00000| Complete 
| 239|0x000000070fb00000, 0x000000070fc00000, 0x000000070fc00000|100%| E|CS|TAMS 0x000000070fb00000, 0x000000070fb00000| Complete 
| 240|0x000000070fc00000, 0x000000070fc1ee50, 0x000000070fd00000| 12%| S|CS|TAMS 0x000000070fc00000, 0x000000070fc00000| Complete 
| 241|0x000000070fd00000, 0x000000070fe00000, 0x000000070fe00000|100%| S|CS|TAMS 0x000000070fd00000, 0x000000070fd00000| Complete 
| 242|0x000000070fe00000, 0x000000070ff00000, 0x000000070ff00000|100%| E|CS|TAMS 0x000000070fe00000, 0x000000070fe00000| Complete 
| 243|0x000000070ff00000, 0x0000000710000000, 0x0000000710000000|100%| E|CS|TAMS 0x000000070ff00000, 0x000000070ff00000| Complete 
| 244|0x0000000710000000, 0x0000000710100000, 0x0000000710100000|100%| E|CS|TAMS 0x0000000710000000, 0x0000000710000000| Complete 
| 245|0x0000000710100000, 0x0000000710200000, 0x0000000710200000|100%| E|CS|TAMS 0x0000000710100000, 0x0000000710100000| Complete 
| 246|0x0000000710200000, 0x0000000710300000, 0x0000000710300000|100%| E|CS|TAMS 0x0000000710200000, 0x0000000710200000| Complete 
| 247|0x0000000710300000, 0x0000000710400000, 0x0000000710400000|100%| E|CS|TAMS 0x0000000710300000, 0x0000000710300000| Complete 
| 248|0x0000000710400000, 0x0000000710500000, 0x0000000710500000|100%| E|CS|TAMS 0x0000000710400000, 0x0000000710400000| Complete 
| 249|0x0000000710500000, 0x0000000710600000, 0x0000000710600000|100%| E|CS|TAMS 0x0000000710500000, 0x0000000710500000| Complete 
| 250|0x0000000710600000, 0x0000000710700000, 0x0000000710700000|100%| E|CS|TAMS 0x0000000710600000, 0x0000000710600000| Complete 
| 251|0x0000000710700000, 0x0000000710800000, 0x0000000710800000|100%| E|CS|TAMS 0x0000000710700000, 0x0000000710700000| Complete 
| 252|0x0000000710800000, 0x0000000710900000, 0x0000000710900000|100%| E|CS|TAMS 0x0000000710800000, 0x0000000710800000| Complete 
| 253|0x0000000710900000, 0x0000000710a00000, 0x0000000710a00000|100%| E|CS|TAMS 0x0000000710900000, 0x0000000710900000| Complete 
| 254|0x0000000710a00000, 0x0000000710b00000, 0x0000000710b00000|100%| E|CS|TAMS 0x0000000710a00000, 0x0000000710a00000| Complete 
| 255|0x0000000710b00000, 0x0000000710c00000, 0x0000000710c00000|100%| E|CS|TAMS 0x0000000710b00000, 0x0000000710b00000| Complete 

Card table byte_map: [0x00000217b6710000,0x00000217b6f10000] _byte_map_base: 0x00000217b2f0a000

Marking Bits (Prev, Next): (CMBitMap*) 0x00000217a2bd4108, (CMBitMap*) 0x00000217a2bd4140
 Prev Bits: [0x00000217b7710000, 0x00000217bb6e0000)
 Next Bits: [0x00000217bb6e0000, 0x00000217bf6b0000)

Polling page: 0x00000217a0b20000

Metaspace:

Usage:
  Non-class:     37.93 MB capacity,    37.58 MB (>99%) used,   298.13 KB ( <1%) free+waste,    60.38 KB ( <1%) overhead. 
      Class:      5.08 MB capacity,     4.89 MB ( 96%) used,   175.19 KB (  3%) free+waste,    25.19 KB ( <1%) overhead. 
       Both:     43.02 MB capacity,    42.47 MB ( 99%) used,   473.32 KB (  1%) free+waste,    85.56 KB ( <1%) overhead. 

Virtual space:
  Non-class space:       46.00 MB reserved,      38.00 MB ( 83%) committed 
      Class space:        1.00 GB reserved,       5.13 MB ( <1%) committed 
             Both:        1.04 GB reserved,      43.13 MB (  4%) committed 

Chunk freelists:
   Non-Class:  68.00 KB
       Class:  12.00 KB
        Both:  80.00 KB

MaxMetaspaceSize: 17179869184.00 GB
CompressedClassSpaceSize: 1.00 GB
Initial GC threshold: 20.80 MB
Current GC threshold: 58.75 MB
CDS: off

CodeHeap 'non-profiled nmethods': size=119168Kb used=1399Kb max_used=1399Kb free=117768Kb
 bounds [0x00000217ae230000, 0x00000217ae4a0000, 0x00000217b5690000]
CodeHeap 'profiled nmethods': size=119168Kb used=8565Kb max_used=8565Kb free=110602Kb
 bounds [0x00000217a6dd0000, 0x00000217a7630000, 0x00000217ae230000]
CodeHeap 'non-nmethods': size=7424Kb used=2943Kb max_used=2979Kb free=4480Kb
 bounds [0x00000217a6690000, 0x00000217a6980000, 0x00000217a6dd0000]
 total_blobs=4263 nmethods=3728 adapters=443
 compilation: enabled
              stopped_count=0, restarted_count=0
 full_count=0

Compilation events (20 events):
Event: 2.683 Thread 0x00000217c3894800 3648       3       org.jetbrains.kotlin.com.intellij.util.text.CharArrayUtil::fromSequence (36 bytes)
Event: 2.683 Thread 0x00000217c3894800 nmethod 3648 0x00000217a7607a10 code [0x00000217a7607be0, 0x00000217a7607e58]
Event: 2.683 Thread 0x00000217c329c000 nmethod 3656 0x00000217a7607f90 code [0x00000217a7608280, 0x00000217a76093e8]
Event: 2.683 Thread 0x00000217c3894000 nmethod 3647 0x00000217a7609810 code [0x00000217a7609a20, 0x00000217a7609f08]
Event: 2.683 Thread 0x00000217c329c000 3650       1       org.jetbrains.kotlin.com.intellij.lang.impl.PsiBuilderImpl::access$300 (5 bytes)
Event: 2.683 Thread 0x00000217c3894800 3654       1       org.jetbrains.kotlin.com.intellij.lang.impl.PsiBuilderImpl::access$1600 (5 bytes)
Event: 2.683 Thread 0x00000217c329c000 nmethod 3650 0x00000217ae382f10 code [0x00000217ae3830c0, 0x00000217ae383158]
Event: 2.683 Thread 0x00000217c3894800 nmethod 3654 0x00000217ae383210 code [0x00000217ae3833c0, 0x00000217ae383458]
Event: 2.684 Thread 0x00000217c3894000 3662       3       org.jetbrains.kotlin.com.intellij.lang.impl.PsiBuilderImpl$StartMarker::rollbackTo (9 bytes)
Event: 2.684 Thread 0x00000217c3117000 nmethod 3659 0x00000217a760a090 code [0x00000217a760a3a0, 0x00000217a760bb78]
Event: 2.684 Thread 0x00000217c329c000 3663       3       org.jetbrains.kotlin.com.intellij.lang.impl.PsiBuilderImpl::access$700 (6 bytes)
Event: 2.684 Thread 0x00000217c3894800 3664       3       org.jetbrains.kotlin.com.intellij.lang.impl.PsiBuilderImpl::rollbackTo (74 bytes)
Event: 2.684 Thread 0x00000217c3117000 3665       3       org.jetbrains.kotlin.com.intellij.lang.impl.MarkerProduction::rollbackTo (68 bytes)
Event: 2.684 Thread 0x00000217c3894000 nmethod 3662 0x00000217a760c210 code [0x00000217a760c3e0, 0x00000217a760c588]
Event: 2.684 Thread 0x00000217c329c000 nmethod 3663 0x00000217a760c690 code [0x00000217a760c840, 0x00000217a760c948]
Event: 2.684 Thread 0x00000217c3894000 3667       1       org.jetbrains.kotlin.com.intellij.lang.WhitespacesBinders$2::getEdgePosition (2 bytes)
Event: 2.684 Thread 0x00000217c3894000 nmethod 3667 0x00000217ae383510 code [0x00000217ae3836c0, 0x00000217ae383778]
Event: 2.684 Thread 0x00000217c3894800 nmethod 3664 0x00000217a760ca10 code [0x00000217a760cc00, 0x00000217a760cf08]
Event: 2.684 Thread 0x00000217c329c000 3668       3       org.jetbrains.kotlin.com.intellij.psi.impl.source.CharTableImpl$StringHashToCharSequencesMap::getOrAddSubSequenceWithHashCode (271 bytes)
Event: 2.684 Thread 0x00000217c3117000 nmethod 3665 0x00000217a760d090 code [0x00000217a760d2e0, 0x00000217a760df08]

GC Heap History (10 events):
Event: 0.483 GC heap before
{Heap before GC invocations=0 (full 0):
 garbage-first heap   total 262144K, used 27648K [0x0000000700c00000, 0x0000000800000000)
  region size 1024K, 24 young (24576K), 0 survivors (0K)
 Metaspace       used 12119K, capacity 12213K, committed 12544K, reserved 1060864K
  class space    used 1121K, capacity 1174K, committed 1280K, reserved 1048576K
}
Event: 0.485 GC heap after
{Heap after GC invocations=1 (full 0):
 garbage-first heap   total 262144K, used 5611K [0x0000000700c00000, 0x0000000800000000)
  region size 1024K, 3 young (3072K), 3 survivors (3072K)
 Metaspace       used 12119K, capacity 12213K, committed 12544K, reserved 1060864K
  class space    used 1121K, capacity 1174K, committed 1280K, reserved 1048576K
}
Event: 1.028 GC heap before
{Heap before GC invocations=1 (full 0):
 garbage-first heap   total 262144K, used 43499K [0x0000000700c00000, 0x0000000800000000)
  region size 1024K, 41 young (41984K), 3 survivors (3072K)
 Metaspace       used 20900K, capacity 21105K, committed 21248K, reserved 1069056K
  class space    used 2138K, capacity 2218K, committed 2304K, reserved 1048576K
}
Event: 1.039 GC heap after
{Heap after GC invocations=2 (full 0):
 garbage-first heap   total 262144K, used 9531K [0x0000000700c00000, 0x0000000800000000)
  region size 1024K, 7 young (7168K), 7 survivors (7168K)
 Metaspace       used 20900K, capacity 21105K, committed 21248K, reserved 1069056K
  class space    used 2138K, capacity 2218K, committed 2304K, reserved 1048576K
}
Event: 1.893 GC heap before
{Heap before GC invocations=3 (full 0):
 garbage-first heap   total 262144K, used 76091K [0x0000000700c00000, 0x0000000800000000)
  region size 1024K, 60 young (61440K), 7 survivors (7168K)
 Metaspace       used 31678K, capacity 32234K, committed 32384K, reserved 1077248K
  class space    used 3779K, capacity 3961K, committed 3968K, reserved 1048576K
}
Event: 1.905 GC heap after
{Heap after GC invocations=4 (full 0):
 garbage-first heap   total 262144K, used 24128K [0x0000000700c00000, 0x0000000800000000)
  region size 1024K, 8 young (8192K), 8 survivors (8192K)
 Metaspace       used 31678K, capacity 32234K, committed 32384K, reserved 1077248K
  class space    used 3779K, capacity 3961K, committed 3968K, reserved 1048576K
}
Event: 1.959 GC heap before
{Heap before GC invocations=4 (full 0):
 garbage-first heap   total 262144K, used 28224K [0x0000000700c00000, 0x0000000800000000)
  region size 1024K, 12 young (12288K), 8 survivors (8192K)
 Metaspace       used 32476K, capacity 32978K, committed 33152K, reserved 1079296K
  class space    used 3950K, capacity 4124K, committed 4224K, reserved 1048576K
}
Event: 1.965 GC heap after
{Heap after GC invocations=5 (full 0):
 garbage-first heap   total 262144K, used 25636K [0x0000000700c00000, 0x0000000800000000)
  region size 1024K, 2 young (2048K), 2 survivors (2048K)
 Metaspace       used 32476K, capacity 32978K, committed 33152K, reserved 1079296K
  class space    used 3950K, capacity 4124K, committed 4224K, reserved 1048576K
}
Event: 2.133 GC heap before
{Heap before GC invocations=5 (full 0):
 garbage-first heap   total 262144K, used 36900K [0x0000000700c00000, 0x0000000800000000)
  region size 1024K, 14 young (14336K), 2 survivors (2048K)
 Metaspace       used 35243K, capacity 35741K, committed 35840K, reserved 1081344K
  class space    used 4249K, capacity 4448K, committed 4480K, reserved 1048576K
}
Event: 2.135 GC heap after
{Heap after GC invocations=6 (full 0):
 garbage-first heap   total 262144K, used 25524K [0x0000000700c00000, 0x0000000800000000)
  region size 1024K, 2 young (2048K), 2 survivors (2048K)
 Metaspace       used 35243K, capacity 35741K, committed 35840K, reserved 1081344K
  class space    used 4249K, capacity 4448K, committed 4480K, reserved 1048576K
}

Deoptimization events (20 events):
Event: 2.585 Thread 0x00000217a0a2e000 Uncommon trap: trap_request=0xffffff4d fr.pc=0x00000217ae2665c0 relative=0x0000000000000ca0
Event: 2.585 Thread 0x00000217a0a2e000 Uncommon trap: reason=unstable_if action=reinterpret pc=0x00000217ae2665c0 method=java.lang.StringCoding.encodeUTF8(B[BZ)[B @ 2 c2
Event: 2.585 Thread 0x00000217a0a2e000 DEOPT PACKING pc=0x00000217ae2665c0 sp=0x0000007b7a5f5dd0
Event: 2.585 Thread 0x00000217a0a2e000 DEOPT UNPACKING pc=0x00000217a66da1af sp=0x0000007b7a5f5bc0 mode 2
Event: 2.585 Thread 0x00000217a0a2e000 Uncommon trap: trap_request=0xffffff4d fr.pc=0x00000217ae3398c4 relative=0x0000000000000b04
Event: 2.585 Thread 0x00000217a0a2e000 Uncommon trap: reason=unstable_if action=reinterpret pc=0x00000217ae3398c4 method=sun.net.www.ParseUtil.firstEncodeIndex(Ljava/lang/String;)I @ 27 c2
Event: 2.585 Thread 0x00000217a0a2e000 DEOPT PACKING pc=0x00000217ae3398c4 sp=0x0000007b7a5f5e60
Event: 2.585 Thread 0x00000217a0a2e000 DEOPT UNPACKING pc=0x00000217a66da1af sp=0x0000007b7a5f5cd8 mode 2
Event: 2.585 Thread 0x00000217a0a2e000 Uncommon trap: trap_request=0xffffff4d fr.pc=0x00000217ae2f4ca0 relative=0x0000000000000200
Event: 2.585 Thread 0x00000217a0a2e000 Uncommon trap: reason=unstable_if action=reinterpret pc=0x00000217ae2f4ca0 method=java.lang.String.indexOf(II)I @ 4 c2
Event: 2.585 Thread 0x00000217a0a2e000 DEOPT PACKING pc=0x00000217ae2f4ca0 sp=0x0000007b7a5f5b40
Event: 2.585 Thread 0x00000217a0a2e000 DEOPT UNPACKING pc=0x00000217a66da1af sp=0x0000007b7a5f5af0 mode 2
Event: 2.585 Thread 0x00000217a0a2e000 Uncommon trap: trap_request=0xffffff4d fr.pc=0x00000217ae2f3244 relative=0x00000000000001a4
Event: 2.585 Thread 0x00000217a0a2e000 Uncommon trap: reason=unstable_if action=reinterpret pc=0x00000217ae2f3244 method=java.lang.String.startsWith(Ljava/lang/String;I)Z @ 46 c2
Event: 2.585 Thread 0x00000217a0a2e000 DEOPT PACKING pc=0x00000217ae2f3244 sp=0x0000007b7a5f5c40
Event: 2.585 Thread 0x00000217a0a2e000 DEOPT UNPACKING pc=0x00000217a66da1af sp=0x0000007b7a5f5ba8 mode 2
Event: 2.585 Thread 0x00000217a0a2e000 Uncommon trap: trap_request=0xffffff4d fr.pc=0x00000217ae37a434 relative=0x0000000000000754
Event: 2.585 Thread 0x00000217a0a2e000 Uncommon trap: reason=unstable_if action=reinterpret pc=0x00000217ae37a434 method=java.lang.String.lastIndexOf(II)I @ 4 c2
Event: 2.585 Thread 0x00000217a0a2e000 DEOPT PACKING pc=0x00000217ae37a434 sp=0x0000007b7a5f5cb0
Event: 2.585 Thread 0x00000217a0a2e000 DEOPT UNPACKING pc=0x00000217a66da1af sp=0x0000007b7a5f5ba0 mode 2

Classes redefined (0 events):
No events

Internal exceptions (20 events):
Event: 0.866 Thread 0x00000217a0a2e000 Exception <a 'java/lang/NoSuchMethodError'{0x000000070ee0fc38}: 'int java.lang.invoke.DirectMethodHandle$Holder.invokeSpecialIFC(java.lang.Object, java.lang.Object, int)'> (0x000000070ee0fc38) thrown at [./src/hotspot/share/interpreter/linkResolver.cpp, line 773]
Event: 1.002 Thread 0x00000217a0a2e000 Exception <a 'java/lang/NoSuchMethodError'{0x000000070e553a78}: 'java.lang.Object java.lang.invoke.DirectMethodHandle$Holder.invokeStaticInit(java.lang.Object, int)'> (0x000000070e553a78) thrown at [./src/hotspot/share/interpreter/linkResolver.cpp, line 773]
Event: 1.021 Thread 0x00000217a0a2e000 Exception <a 'java/lang/NoSuchMethodError'{0x000000070e4e2858}: 'long java.lang.invoke.DirectMethodHandle$Holder.invokeStatic(java.lang.Object)'> (0x000000070e4e2858) thrown at [./src/hotspot/share/interpreter/linkResolver.cpp, line 773]
Event: 1.021 Thread 0x00000217a0a2e000 Exception <a 'java/lang/NoSuchMethodError'{0x000000070e4e56b0}: 'long java.lang.invoke.DirectMethodHandle$Holder.invokeStaticInit(java.lang.Object)'> (0x000000070e4e56b0) thrown at [./src/hotspot/share/interpreter/linkResolver.cpp, line 773]
Event: 1.076 Thread 0x00000217a0a2e000 Exception <a 'java/lang/NoSuchMethodError'{0x0000000710815ad0}: 'int java.lang.invoke.DirectMethodHandle$Holder.invokeStaticInit(java.lang.Object, java.lang.Object, java.lang.Object)'> (0x0000000710815ad0) thrown at [./src/hotspot/share/interpreter/linkResolver.cpp, line 773]
Event: 1.079 Thread 0x00000217a0a2e000 Exception <a 'java/lang/NoSuchMethodError'{0x0000000710841c08}: 'int java.lang.invoke.DirectMethodHandle$Holder.invokeStaticInit(java.lang.Object, java.lang.Object)'> (0x0000000710841c08) thrown at [./src/hotspot/share/interpreter/linkResolver.cpp, line 773]
Event: 1.245 Thread 0x00000217a0a2e000 Exception <a 'java/lang/NoSuchMethodError'{0x000000070fd7bee0}: 'java.lang.Object java.lang.invoke.DirectMethodHandle$Holder.invokeStatic(java.lang.Object, java.lang.Object, java.lang.Object, java.lang.Object, java.lang.Object, java.lang.Object, java.lang.Object, java.lang.Object, java.lang.Object, java.lang.Object, java.lang.Object, java.lang.Object, java.lang.Object, java.lang.Object, java.lang.Object)'> (0x000000070fd7bee0) thrown at [./src/hotspot/share/interpreter/linkResolver.cpp, line 773]
Event: 1.246 Thread 0x00000217a0a2e000 Exception <a 'java/lang/NoSuchMethodError'{0x000000070fd8a180}: 'java.lang.Object java.lang.invoke.DirectMethodHandle$Holder.invokeStatic(java.lang.Object, java.lang.Object, java.lang.Object, java.lang.Object, java.lang.Object, java.lang.Object, java.lang.Object, java.lang.Object, java.lang.Object, java.lang.Object, java.lang.Object, java.lang.Object, java.lang.Object, java.lang.Object, java.lang.Object, java.lang.Object)'> (0x000000070fd8a180) thrown at [./src/hotspot/share/interpreter/linkResolver.cpp, l
Event: 1.247 Thread 0x00000217a0a2e000 Exception <a 'java/lang/NoSuchMethodError'{0x000000070fd98098}: 'java.lang.Object java.lang.invoke.DirectMethodHandle$Holder.invokeSpecial(java.lang.Object, java.lang.Object, int, int, java.lang.Object, java.lang.Object, java.lang.Object)'> (0x000000070fd98098) thrown at [./src/hotspot/share/interpreter/linkResolver.cpp, line 773]
Event: 1.247 Thread 0x00000217a0a2e000 Exception <a 'java/lang/NoSuchMethodError'{0x000000070fd9b8d0}: 'java.lang.Object java.lang.invoke.DelegatingMethodHandle$Holder.reinvoke_L(java.lang.Object, int, int, java.lang.Object, java.lang.Object, java.lang.Object)'> (0x000000070fd9b8d0) thrown at [./src/hotspot/share/interpreter/linkResolver.cpp, line 773]
Event: 1.247 Thread 0x00000217a0a2e000 Exception <a 'java/lang/NoSuchMethodError'{0x000000070fd9fc58}: 'java.lang.Object java.lang.invoke.DirectMethodHandle$Holder.invokeStatic(java.lang.Object, java.lang.Object, java.lang.Object, java.lang.Object, int)'> (0x000000070fd9fc58) thrown at [./src/hotspot/share/interpreter/linkResolver.cpp, line 773]
Event: 1.281 Thread 0x00000217a0a2e000 Implicit null exception at 0x00000217ae2c25ac to 0x00000217ae2c275a
Event: 1.313 Thread 0x00000217a0a2e000 Exception <a 'java/lang/NoSuchMethodError'{0x000000070f7210b0}: 'void java.lang.invoke.DirectMethodHandle$Holder.invokeStatic(java.lang.Object, java.lang.Object, java.lang.Object, java.lang.Object)'> (0x000000070f7210b0) thrown at [./src/hotspot/share/interpreter/linkResolver.cpp, line 773]
Event: 1.332 Thread 0x00000217a0a2e000 Exception <a 'java/lang/NoSuchMethodError'{0x000000070f672e68}: 'void java.lang.invoke.DirectMethodHandle$Holder.invokeSpecial(java.lang.Object, java.lang.Object)'> (0x000000070f672e68) thrown at [./src/hotspot/share/interpreter/linkResolver.cpp, line 773]
Event: 1.365 Thread 0x00000217a0a2e000 Exception <a 'java/lang/NoSuchMethodError'{0x000000070f322430}: 'void java.lang.invoke.DirectMethodHandle$Holder.invokeStaticInit(java.lang.Object, java.lang.Object)'> (0x000000070f322430) thrown at [./src/hotspot/share/interpreter/linkResolver.cpp, line 773]
Event: 1.372 Thread 0x00000217a0a2e000 Exception <a 'java/lang/NoSuchMethodError'{0x000000070f360f88}: 'void java.lang.invoke.DirectMethodHandle$Holder.invokeInterface(java.lang.Object, java.lang.Object)'> (0x000000070f360f88) thrown at [./src/hotspot/share/interpreter/linkResolver.cpp, line 773]
Event: 1.443 Thread 0x00000217a0a2e000 Exception <a 'java/lang/NoSuchMethodError'{0x000000070ee21aa8}: 'void java.lang.invoke.DirectMethodHandle$Holder.invokeVirtual(java.lang.Object, java.lang.Object)'> (0x000000070ee21aa8) thrown at [./src/hotspot/share/interpreter/linkResolver.cpp, line 773]
Event: 1.450 Thread 0x00000217a0a2e000 Exception <a 'java/lang/NoSuchMethodError'{0x000000070ee9a1d8}: 'int java.lang.invoke.DirectMethodHandle$Holder.invokeVirtual(java.lang.Object, java.lang.Object)'> (0x000000070ee9a1d8) thrown at [./src/hotspot/share/interpreter/linkResolver.cpp, line 773]
Event: 2.122 Thread 0x00000217a0a2e000 Exception <a 'java/lang/NoSuchMethodError'{0x000000070ffef370}: 'java.lang.Object java.lang.invoke.DirectMethodHandle$Holder.invokeVirtual(java.lang.Object, java.lang.Object, java.lang.Object)'> (0x000000070ffef370) thrown at [./src/hotspot/share/interpreter/linkResolver.cpp, line 773]
Event: 2.632 Thread 0x00000217a0a2e000 Exception <a 'java/lang/NoSuchMethodError'{0x000000070e006c58}: 'java.lang.Object java.lang.invoke.Invokers$Holder.linkToTargetMethod(java.lang.Object, int, java.lang.Object)'> (0x000000070e006c58) thrown at [./src/hotspot/share/interpreter/linkResolver.cpp, line 773]

Events (20 events):
Event: 2.654 loading class org/jetbrains/kotlin/com/intellij/psi/util/PsiTreeUtil$3
Event: 2.654 loading class org/jetbrains/kotlin/com/intellij/psi/util/PsiTreeUtil$3 done
Event: 2.654 loading class org/jetbrains/kotlin/com/intellij/psi/search/PsiElementProcessor$FindElement
Event: 2.654 loading class org/jetbrains/kotlin/com/intellij/psi/search/PsiElementProcessor$FindElement done
Event: 2.654 loading class org/jetbrains/kotlin/com/intellij/psi/util/PsiTreeUtil$1
Event: 2.654 loading class org/jetbrains/kotlin/com/intellij/psi/util/PsiTreeUtil$1 done
Event: 2.654 loading class org/jetbrains/kotlin/com/intellij/psi/util/PsiTreeUtil$4
Event: 2.654 loading class org/jetbrains/kotlin/com/intellij/psi/util/PsiTreeUtil$4 done
Event: 2.655 loading class org/jetbrains/kotlin/com/intellij/psi/util/PsiTreeUtil$2
Event: 2.655 loading class org/jetbrains/kotlin/com/intellij/psi/util/PsiTreeUtil$2 done
Event: 2.655 loading class org/jetbrains/kotlin/psi/psiUtil/KtPsiUtilKt
Event: 2.655 loading class org/jetbrains/kotlin/psi/psiUtil/KtPsiUtilKt done
Event: 2.658 loading class org/jetbrains/kotlin/com/google/common/collect/LinkedHashMultimap$ValueSet
Event: 2.658 loading class org/jetbrains/kotlin/com/google/common/collect/LinkedHashMultimap$ValueSet done
Event: 2.659 loading class org/jetbrains/kotlin/com/google/common/collect/Sets$ImprovedAbstractSet
Event: 2.659 loading class org/jetbrains/kotlin/com/google/common/collect/Sets$ImprovedAbstractSet done
Event: 2.659 loading class org/jetbrains/kotlin/parsing/DoNotBindAnything
Event: 2.659 loading class org/jetbrains/kotlin/parsing/DoNotBindAnything done
Event: 2.663 loading class org/jetbrains/kotlin/lexer/_JetLexer$State
Event: 2.663 loading class org/jetbrains/kotlin/lexer/_JetLexer$State done


Dynamic libraries:
0x00007ff6e0d90000 - 0x00007ff6e0d9a000 	C:\Program Files\Android\Android Studio\jre\bin\java.exe
0x00007ffe7f3b0000 - 0x00007ffe7f5a8000 	C:\WINDOWS\SYSTEM32\ntdll.dll
0x00007ffe7f2b0000 - 0x00007ffe7f36f000 	C:\WINDOWS\System32\KERNEL32.DLL
0x00007ffe7cd20000 - 0x00007ffe7cff2000 	C:\WINDOWS\System32\KERNELBASE.dll
0x00007ffe7d080000 - 0x00007ffe7d180000 	C:\WINDOWS\System32\ucrtbase.dll
0x00007ffe582f0000 - 0x00007ffe58307000 	C:\Program Files\Android\Android Studio\jre\bin\VCRUNTIME140.dll
0x00007ffe58310000 - 0x00007ffe58329000 	C:\Program Files\Android\Android Studio\jre\bin\jli.dll
0x00007ffe7f040000 - 0x00007ffe7f1dd000 	C:\WINDOWS\System32\USER32.dll
0x00007ffe7d3d0000 - 0x00007ffe7d3f2000 	C:\WINDOWS\System32\win32u.dll
0x00007ffe6b1d0000 - 0x00007ffe6b46a000 	C:\WINDOWS\WinSxS\amd64_microsoft.windows.common-controls_6595b64144ccf1df_6.0.19041.1110_none_60b5254171f9507e\COMCTL32.dll
0x00007ffe7dfd0000 - 0x00007ffe7dffb000 	C:\WINDOWS\System32\GDI32.dll
0x00007ffe7ef00000 - 0x00007ffe7ef9e000 	C:\WINDOWS\System32\msvcrt.dll
0x00007ffe7d180000 - 0x00007ffe7d28f000 	C:\WINDOWS\System32\gdi32full.dll
0x00007ffe7cab0000 - 0x00007ffe7cb4d000 	C:\WINDOWS\System32\msvcp_win.dll
0x00007ffe7d650000 - 0x00007ffe7d682000 	C:\WINDOWS\System32\IMM32.DLL
0x00007ffe38f80000 - 0x00007ffe3901d000 	C:\Program Files\Android\Android Studio\jre\bin\msvcp140.dll
0x00007ffdcd970000 - 0x00007ffdce472000 	C:\Program Files\Android\Android Studio\jre\bin\server\jvm.dll
0x00007ffe7f200000 - 0x00007ffe7f2ae000 	C:\WINDOWS\System32\ADVAPI32.dll
0x00007ffe7d400000 - 0x00007ffe7d49c000 	C:\WINDOWS\System32\sechost.dll
0x00007ffe7e8a0000 - 0x00007ffe7e9c5000 	C:\WINDOWS\System32\RPCRT4.dll
0x00007ffe7efa0000 - 0x00007ffe7efa8000 	C:\WINDOWS\System32\PSAPI.DLL
0x00007ffe6fae0000 - 0x00007ffe6fb07000 	C:\WINDOWS\SYSTEM32\WINMM.dll
0x00007ffe78930000 - 0x00007ffe78939000 	C:\WINDOWS\SYSTEM32\WSOCK32.dll
0x00007ffe76e10000 - 0x00007ffe76e1a000 	C:\WINDOWS\SYSTEM32\VERSION.dll
0x00007ffe7ec30000 - 0x00007ffe7ec9b000 	C:\WINDOWS\System32\WS2_32.dll
0x00007ffe7a990000 - 0x00007ffe7a9a2000 	C:\WINDOWS\SYSTEM32\kernel.appcore.dll
0x00007ffe65a70000 - 0x00007ffe65a81000 	C:\Program Files\Android\Android Studio\jre\bin\verify.dll
0x00007ffe6be20000 - 0x00007ffe6c004000 	C:\WINDOWS\SYSTEM32\DBGHELP.DLL
0x00007ffe65da0000 - 0x00007ffe65dcc000 	C:\WINDOWS\SYSTEM32\dbgcore.DLL
0x00007ffe7d340000 - 0x00007ffe7d3c2000 	C:\WINDOWS\System32\bcryptPrimitives.dll
0x00007ffe61a70000 - 0x00007ffe61a99000 	C:\Program Files\Android\Android Studio\jre\bin\java.dll
0x00007ffe788f0000 - 0x00007ffe788fb000 	C:\Program Files\Android\Android Studio\jre\bin\jimage.dll
0x00007ffe60c60000 - 0x00007ffe60c78000 	C:\Program Files\Android\Android Studio\jre\bin\zip.dll
0x00007ffe7d880000 - 0x00007ffe7dfc3000 	C:\WINDOWS\System32\SHELL32.dll
0x00007ffe7ab90000 - 0x00007ffe7b322000 	C:\WINDOWS\SYSTEM32\windows.storage.dll
0x00007ffe7e470000 - 0x00007ffe7e7c4000 	C:\WINDOWS\System32\combase.dll
0x00007ffe7c4a0000 - 0x00007ffe7c4d0000 	C:\WINDOWS\SYSTEM32\Wldp.dll
0x00007ffe7d6f0000 - 0x00007ffe7d79d000 	C:\WINDOWS\System32\SHCORE.dll
0x00007ffe7d690000 - 0x00007ffe7d6e5000 	C:\WINDOWS\System32\shlwapi.dll
0x00007ffe7c9f0000 - 0x00007ffe7ca0f000 	C:\WINDOWS\SYSTEM32\profapi.dll
0x00007ffe60c00000 - 0x00007ffe60c1a000 	C:\Program Files\Android\Android Studio\jre\bin\net.dll
0x00007ffe6e670000 - 0x00007ffe6e77c000 	C:\WINDOWS\SYSTEM32\WINHTTP.dll
0x00007ffe7c190000 - 0x00007ffe7c1fa000 	C:\WINDOWS\system32\mswsock.dll
0x00007ffe60910000 - 0x00007ffe60924000 	C:\Program Files\Android\Android Studio\jre\bin\nio.dll

dbghelp: loaded successfully - version: 4.0.5 - missing functions: none
symbol engine: initialized successfully - sym options: 0x614 - pdb path: .;C:\Program Files\Android\Android Studio\jre\bin;C:\WINDOWS\SYSTEM32;C:\WINDOWS\WinSxS\amd64_microsoft.windows.common-controls_6595b64144ccf1df_6.0.19041.1110_none_60b5254171f9507e;C:\Program Files\Android\Android Studio\jre\bin\server

VM Arguments:
java_command: org.jetbrains.kotlin.cli.jvm.K2JVMCompiler @C:\Users\Rachid Gaim Ahwaz\AndroidStudioProjects\Chess\app\build\20221123_1036191326788712002.compiler.options
java_class_path (initial): C:\Users\Rachid Gaim Ahwaz\.gradle\caches\modules-2\files-2.1\org.jetbrains.kotlin\kotlin-compiler-embeddable\1.5.31\cc18c29253541dc57c25c3ef514d63c7953ae1a6\kotlin-compiler-embeddable-1.5.31.jar;C:\Users\Rachid Gaim Ahwaz\.gradle\caches\modules-2\files-2.1\org.jetbrains.kotlin\kotlin-reflect\1.5.31\1523fcd842a47da0820cea772b19c51056fec8a9\kotlin-reflect-1.5.31.jar;C:\Users\Rachid Gaim Ahwaz\.gradle\caches\modules-2\files-2.1\org.jetbrains.kotlin\kotlin-stdlib\1.5.31\6628d61d0f5603568e72d2d5915d2c034b4f1c55\kotlin-stdlib-1.5.31.jar;C:\Users\Rachid Gaim Ahwaz\.gradle\caches\modules-2\files-2.1\org.jetbrains.kotlin\kotlin-script-runtime\1.5.31\aaea854be2cfc06373dfc11be5a6ba9ca5ca84a6\kotlin-script-runtime-1.5.31.jar;C:\Users\Rachid Gaim Ahwaz\.gradle\caches\modules-2\files-2.1\org.jetbrains.kotlin\kotlin-daemon-embeddable\1.5.31\d19b549661e28c62781683dc7c7e34bf416974f1\kotlin-daemon-embeddable-1.5.31.jar;C:\Users\Rachid Gaim Ahwaz\.gradle\caches\modules-2\files-2.1\org.jetbrains.intellij.deps\trove4j\1.0.20181211\216c2e14b070f334479d800987affe4054cd563f\trove4j-1.0.20181211.jar;C:\Users\Rachid Gaim Ahwaz\.gradle\caches\modules-2\files-2.1\org.jetbrains\annotations\13.0\919f0dfe192fb4e063e7dacadee7f8bb9a2672a9\annotations-13.0.jar;C:\Users\Rachid Gaim Ahwaz\.gradle\caches\modules-2\files-2.1\org.jetbrains.kotlin\kotlin-stdlib-common\1.5.31\43331609c7de811fed085e0dfd150874b157c32\kotlin-stdlib-common-1.5.31.jar
Launcher Type: SUN_STANDARD

[Global flags]
     intx CICompilerCount                          = 12                                        {product} {ergonomic}
     uint ConcGCThreads                            = 3                                         {product} {ergonomic}
     uint G1ConcRefinementThreads                  = 13                                        {product} {ergonomic}
   size_t G1HeapRegionSize                         = 1048576                                   {product} {ergonomic}
    uintx GCDrainStackTargetSize                   = 64                                        {product} {ergonomic}
   size_t InitialHeapSize                          = 268435456                                 {product} {ergonomic}
   size_t MarkStackSize                            = 4194304                                   {product} {ergonomic}
   size_t MaxHeapSize                              = 4282384384                                {product} {ergonomic}
   size_t MaxNewSize                               = 2569011200                                {product} {ergonomic}
   size_t MinHeapDeltaBytes                        = 1048576                                   {product} {ergonomic}
    uintx NonNMethodCodeHeapSize                   = 7594288                                {pd product} {ergonomic}
    uintx NonProfiledCodeHeapSize                  = 122031976                              {pd product} {ergonomic}
    uintx ProfiledCodeHeapSize                     = 122031976                              {pd product} {ergonomic}
    uintx ReservedCodeCacheSize                    = 251658240                              {pd product} {ergonomic}
     bool SegmentedCodeCache                       = true                                      {product} {ergonomic}
     bool UseCompressedClassPointers               = true                                 {lp64_product} {ergonomic}
     bool UseCompressedOops                        = true                                 {lp64_product} {ergonomic}
     bool UseG1GC                                  = true                                      {product} {ergonomic}
     bool UseLargePagesIndividualAllocation        = false                                  {pd product} {ergonomic}

Logging:
Log output configuration:
 #0: stdout all=warning uptime,level,tags
 #1: stderr all=off uptime,level,tags

Environment Variables:
CLASSPATH=C:\antlr4-files\antlr4\lib\antlr-4.7.2-complete.jar
PATH=C:\Users\Rachid Gaim Ahwaz\AppData\Local\Programs\Python\Python39\Scripts\;C:\Users\Rachid Gaim Ahwaz\AppData\Local\Programs\Python\Python39;C:\Python310\Scripts\;C:\Python310\;C:\Python27;C:\Python27\Scripts\;C:\ProgramData\watcom-1.3\binnt;C:\ProgramData\watcom-1.3\binw;C:\WINDOWS\system32;C:\WINDOWS;C:\WINDOWS\System32\Wbem;C:\WINDOWS\System32\WindowsPowerShell\v1.0\;C:\WINDOWS\System32\OpenSSH\;C:\Program Files (x86)\NVIDIA Corporation\PhysX\Common;C:\Program Files\Git\cmd;C:\WINDOWS\system32;C:\WINDOWS;C:\WINDOWS\System32\Wbem;C:\WINDOWS\System32\WindowsPowerShell\v1.0\;C:\WINDOWS\System32\OpenSSH\;C:\Program Files\ISC BIND 9\bin;C:\Program Files (x86)\nodejs\;C:\ProgramData\chocolatey\bin;C:\Program Files\NVIDIA Corporation\NVIDIA NvDLISR;C:\Program Files\dotnet\;C:\Python27;C:\Python27\Scripts\;C:\Users\Rachid Gaim Ahwaz\AppData\Local\Microsoft\WindowsApps;C:\Users\Rachid Gaim Ahwaz\AppData\Local\atom\bin;C:\Users\Rachid Gaim Ahwaz\AppData\Roaming\TinyTeX\bin\win32;C:\Users\Rachid Gaim Ahwaz\AppData\Local\Microsoft\WindowsApps;C:\MinGW\bin;C:\antlr4-files\antlr4\bin;C:\Users\Rachid Gaim Ahwaz\AppData\Roaming\npm;C:\Users\Rachid Gaim Ahwaz\AppData\Local\Programs\Microsoft VS Code\bin;C:\Users\Rachid Gaim Ahwaz\AppData\Local\Programs\mongosh\;C:\Users\Rachid Gaim Ahwaz\NetHack\.nethackrc;
USERNAME=Malu
OS=Windows_NT
PROCESSOR_IDENTIFIER=AMD64 Family 23 Model 1 Stepping 1, AuthenticAMD



---------------  S Y S T E M  ---------------

OS: Windows 10 , 64 bit Build 19041 (10.0.19041.2251)
OS uptime: 1 days 12:58 hours

CPU:total 16 (initial active 16) (16 cores per cpu, 2 threads per core) family 23 model 1 stepping 1 microcode 0x0, cmov, cx8, fxsr, mmx, sse, sse2, sse3, ssse3, sse4.1, sse4.2, popcnt, avx, avx2, aes, clmul, mmxext, 3dnowpref, lzcnt, sse4a, ht, tsc, tscinvbit, tscinv, bmi1, bmi2, adx, sha, fma

Memory: 4k page, system-wide physical 16334M (3151M free)
TotalPageFile size 22236M (AvailPageFile size 3M)
current process WorkingSet (physical memory assigned to process): 247M, peak: 247M
current process commit charge ("private bytes"): 460M, peak: 461M

vm_info: OpenJDK 64-Bit Server VM (11.0.13+0-b1751.21-8125866) for windows-amd64 JRE (11.0.13+0-b1751.21-8125866), built on Feb  2 2022 03:00:22 by "builder" with MS VC++ 14.0 (VS2015)

END.
